<?xml version="1.0" encoding="UTF-8"?>
<!-- Generated by org.testng.reporters.JUnitReportReporter -->
<testsuite hostname="DESKTOP-UMDF8SE" failures="0" tests="3" name="org.tes.B" time="0.020" errors="0" timestamp="2023-06-21T17:26:38 IST" skipped="0">
  <testcase classname="org.tes.B" name="tc99" time="0.011"/>
  <testcase classname="org.tes.B" name="tc77" time="0.003"/>
  <testcase classname="org.tes.B" name="tc88" time="0.006"/>
</testsuite> <!-- org.tes.B -->
