<?xml version="1.0" encoding="UTF-8"?>
<!-- Generated by org.testng.reporters.JUnitReportReporter -->
<testsuite hostname="DESKTOP-UMDF8SE" failures="0" tests="5" name="org.tes.SampleTestNG" time="0.065" errors="0" timestamp="2023-06-15T18:39:40 IST" skipped="0">
  <testcase classname="org.tes.SampleTestNG" name="tc2" time="0.004"/>
  <testcase classname="org.tes.SampleTestNG" name="tc5" time="0.009"/>
  <testcase classname="org.tes.SampleTestNG" name="tc1" time="0.026"/>
  <testcase classname="org.tes.SampleTestNG" name="tc3" time="0.006"/>
  <testcase classname="org.tes.SampleTestNG" name="tc4" time="0.020"/>
</testsuite> <!-- org.tes.SampleTestNG -->
