<?xml version="1.0" encoding="UTF-8"?>
<!-- Generated by org.testng.reporters.JUnitReportReporter -->
<testsuite hostname="DESKTOP-UMDF8SE" failures="0" tests="3" name="org.tes.A" time="0.012" errors="0" timestamp="2023-06-21T17:26:38 IST" skipped="0">
  <testcase classname="org.tes.A" name="tc11" time="0.006"/>
  <testcase classname="org.tes.A" name="tc22" time="0.003"/>
  <testcase classname="org.tes.A" name="tc33" time="0.003"/>
</testsuite> <!-- org.tes.A -->
