<?xml version="1.0" encoding="UTF-8"?>
<!-- Generated by org.testng.reporters.JUnitReportReporter -->
<testsuite hostname="DESKTOP-UMDF8SE" failures="0" tests="7" name="org.tes.PriorityTestNG" time="32.704" errors="0" timestamp="2023-06-15T19:52:58 IST" skipped="0">
  <testcase classname="org.tes.PriorityTestNG" name="tc4" time="10.145"/>
  <testcase classname="org.tes.PriorityTestNG" name="tc2" time="1.588"/>
  <testcase classname="org.tes.PriorityTestNG" name="tc5" time="2.396"/>
  <testcase classname="org.tes.PriorityTestNG" name="tc3" time="3.611"/>
  <testcase classname="org.tes.PriorityTestNG" name="tc1" time="5.214"/>
  <testcase classname="org.tes.PriorityTestNG" name="tc7" time="2.993"/>
  <testcase classname="org.tes.PriorityTestNG" name="tc6" time="6.757"/>
</testsuite> <!-- org.tes.PriorityTestNG -->
