<?xml version="1.0" encoding="UTF-8"?>
<!-- Generated by org.testng.reporters.JUnitReportReporter -->
<testsuite hostname="DESKTOP-UMDF8SE" failures="0" tests="6" name="org.tes.BrowserLaunch" time="18.706" errors="0" timestamp="2023-06-21T17:26:38 IST" skipped="1">
  <testcase classname="org.tes.BrowserLaunch" name="tc1" time="4.384"/>
  <testcase classname="org.tes.BrowserLaunch" name="tc5" time="4.995"/>
  <testcase classname="org.tes.BrowserLaunch" name="tc1" time="3.789"/>
  <testcase classname="org.tes.BrowserLaunch" name="tc2" time="2.864"/>
  <testcase classname="org.tes.BrowserLaunch" name="tc1" time="2.674"/>
  <testcase classname="org.tes.BrowserLaunch" name="tc4">
    <skipped/>
  </testcase> <!-- tc4 -->
</testsuite> <!-- org.tes.BrowserLaunch -->
